2021-07-01 17:57:43.658 -04:00 INFO  XOutput.Tools.DependencyEmbedder.CurrentDomain_AssemblyResolve: Loading SharpDX.DirectInput.dll from embedded resources
2021-07-01 17:57:44.907 -04:00 INFO  XOutput.Tools.DependencyEmbedder.CurrentDomain_AssemblyResolve: Loading SharpDX.dll from embedded resources
2021-07-01 17:57:47.569 -04:00 INFO  XOutput.UI.Windows.MainWindow..ctor: Starting XOutput in normal window
2021-07-01 17:57:48.274 -04:00 INFO  XOutput.Tools.DependencyEmbedder.CurrentDomain_AssemblyResolve: Loading Hardcodet.Wpf.TaskbarNotification.dll from embedded resources
2021-07-01 17:57:53.922 -04:00 INFO  XOutput.Tools.DependencyEmbedder.CurrentDomain_AssemblyResolve: Loading Newtonsoft.Json.dll from embedded resources
2021-07-01 17:57:57.204 -04:00 INFO  XOutput.Tools.LanguageManager..ctor: Brazilian Portuguese language is loaded.
2021-07-01 17:57:57.205 -04:00 INFO  XOutput.Tools.LanguageManager..ctor: English language is loaded.
2021-07-01 17:57:57.206 -04:00 INFO  XOutput.Tools.LanguageManager..ctor: French language is loaded.
2021-07-01 17:57:57.206 -04:00 INFO  XOutput.Tools.LanguageManager..ctor: German language is loaded.
2021-07-01 17:57:57.206 -04:00 INFO  XOutput.Tools.LanguageManager..ctor: Greek language is loaded.
2021-07-01 17:57:57.206 -04:00 INFO  XOutput.Tools.LanguageManager..ctor: Hungarian language is loaded.
2021-07-01 17:57:57.207 -04:00 INFO  XOutput.Tools.LanguageManager..ctor: Russian language is loaded.
2021-07-01 17:57:57.232 -04:00 INFO  XOutput.Tools.LanguageManager..ctor: Simplified Chinese language is loaded.
2021-07-01 17:57:57.233 -04:00 INFO  XOutput.Tools.LanguageManager..ctor: Spanish language is loaded.
2021-07-01 17:57:57.233 -04:00 INFO  XOutput.Tools.LanguageManager.set_Language: Language is set to English
2021-07-01 17:57:58.520 -04:00 INFO  XOutput.UI.Windows.MainWindowViewModel.Initialize: Loading settings was successful.
2021-07-01 17:57:58.536 -04:00 INFO  XOutput.Tools.DependencyEmbedder.CurrentDomain_AssemblyResolve: Loading Nefarius.ViGEm.Client.dll from embedded resources
2021-07-01 17:58:01.150 -04:00 INFO  XOutput.Devices.GameController.CreateXOutput: ViGEm devices are used.
2021-07-01 17:58:01.409 -04:00 INFO  XOutput.UI.Windows.MainWindowViewModel.Initialize: Keyboard controller is connected
2021-07-01 17:58:01.572 -04:00 INFO  XOutput.UI.Windows.MainWindow.Initialize: The application has started.
2021-07-01 17:58:11.836 -04:00 INFO  XOutput.UI.Windows.MainWindowViewModel.VersionCompare: New version is available
2021-07-01 17:58:35.939 -04:00 INFO  XOutput.Devices.GameController.Start: Emulation started on Controller.
2021-07-01 17:58:36.011 -04:00 INFO  XOutput.Devices.GameController.Start: Force feedback mapping is connected on Controller.
2021-07-01 17:58:42.312 -04:00 INFO  XOutput.Devices.GameController.Stop: Force feedback mapping is disconnected on Controller.
2021-07-01 17:58:42.560 -04:00 INFO  XOutput.Devices.GameController.Stop: Emulation stopped on Controller.
2021-07-01 18:00:05.531 -04:00 INFO  XOutput.Devices.GameController.Start: Emulation started on Controller.
2021-07-01 18:00:05.531 -04:00 INFO  XOutput.Devices.GameController.Start: Force feedback mapping is connected on Controller.
2021-07-01 18:00:25.572 -04:00 INFO  XOutput.Devices.GameController.Stop: Force feedback mapping is disconnected on Controller.
2021-07-01 18:00:25.573 -04:00 INFO  XOutput.Devices.GameController.Stop: Emulation stopped on Controller.
2021-07-01 18:00:33.254 -04:00 INFO  XOutput.Devices.GameController.Start: Emulation started on Controller.
2021-07-01 18:00:33.254 -04:00 INFO  XOutput.Devices.GameController.Start: Force feedback mapping is connected on Controller.
2021-07-01 18:00:53.660 -04:00 INFO  XOutput.Devices.GameController.Stop: Force feedback mapping is disconnected on Controller.
2021-07-01 18:00:53.661 -04:00 INFO  XOutput.Devices.GameController.Stop: Emulation stopped on Controller.
2021-07-01 18:01:06.847 -04:00 INFO  XOutput.Devices.GameController.Start: Emulation started on Controller.
2021-07-01 18:01:06.855 -04:00 INFO  XOutput.Devices.GameController.Start: Force feedback mapping is connected on Controller.
2021-07-01 18:01:24.188 -04:00 INFO  XOutput.Devices.GameController.Stop: Force feedback mapping is disconnected on Controller.
2021-07-01 18:01:24.188 -04:00 INFO  XOutput.Devices.GameController.Stop: Emulation stopped on Controller.
2021-07-01 18:05:28.489 -04:00 INFO  XOutput.UI.Windows.MainWindow.WindowClosed: The application will exit.
